[2025-04-30 03:39:16,786] multiqc.config                                     [INFO   ]  Loading config settings from: results/day/hg38/reports/multiqc_header2.yaml
[2025-04-30 03:39:16,796] multiqc.config                                     [INFO   ]  Loading config settings from: config/external_tools/multiqc_config.yaml
[2025-04-30 03:39:16,797] multiqc.core.update_config                         [INFO   ]  Report title: Singleton Multiqc Report
[2025-04-30 03:39:17,214] multiqc.core.version_check                         [WARNING]  MultiQC Version v1.28 now available!
[2025-04-30 03:39:17,215] multiqc.core.file_search                           [INFO   ]  Search path: /fsx/analysis_results/ubuntu/ug/daylily/results/day/hg38
[2025-04-30 03:39:17,215] multiqc.core.file_search                           [INFO   ]  Excluding modules 'slamdunk', 'adapterRemoval', 'rseqc', 'sambamba', 'preseq', 'htseq', 'bbmap', 'fastp', 'varscan2', 'flexbar', 'hicexplorer', 'snpeff', 'biscuit', 'deeptools', 'afterqc', 'bbmap', 'biobambam2', 'biobloomtools', 'biscuit', 'bowtie1', 'bowtie2', 'busco', 'ccs', 'clipandmerge', 'clusterflow', 'conpair', 'cutadapt', 'deeptools', 'disambiguate', 'dragen', 'fgbio', 'flash', 'gatk', 'gffcompare', 'happy', 'hisat2', 'homer', 'ivar', 'jcvi', 'kaiju', 'kallisto', 'kraken', 'leehom', 'lima', 'longranger', 'malt', 'minionqc', 'nanostat', 'ngsderive', 'optitype', 'pangolin', 'prokka', 'pychopper', 'pycoqc', 'qorts', 'rna_seqc', 'rockhopper', 'rseqc', 'salmon', 'samblaster', 'sickle', 'skewer', 'slamdunk', 'snippy', 'snpsplit', 'sortmerna', 'stacks', 'supernova', 'trimmomatic', 'varscan2', 'vep', 'bismark', 'tophat', 'sexdetermine', 'q3c3', 'bclconvert/runino', 'bustools', 'damageprofiler', 'dedup', 'eigenstratdatabasetools', 'featureCounts', 'hicpro', 'hicup', 'hops', 'macs2', 'methylQA', 'mirtop', 'mirtrace', 'mtnucratio', 'multivcfanalyzer', 'odgi', 'phantompeakqualtools'
[2025-04-30 03:39:28,486] multiqc.modules.verifybamid.verifybamid            [INFO   ]  Found 7 reports
[2025-04-30 03:39:28,640] multiqc.modules.peddy.peddy                        [INFO   ]  Found 8 reports
[2025-04-30 03:39:29,171] multiqc.modules.bcftools.bcftools                  [INFO   ]  Found 9 stats reports
[2025-04-30 03:39:29,217] multiqc.modules.picard.picard                      [INFO   ]  Found 9 AlignmentSummaryMetrics reports
[2025-04-30 03:39:29,268] multiqc.modules.picard.picard                      [INFO   ]  Found 9 BaseDistributionByCycleMetrics reports
[2025-04-30 03:39:29,332] multiqc.modules.picard.picard                      [INFO   ]  Found 9 GcBiasMetrics reports
[2025-04-30 03:39:29,555] multiqc.modules.picard.picard                      [INFO   ]  Found 9 QualityByCycleMetrics reports
[2025-04-30 03:39:29,764] multiqc.modules.picard.picard                      [INFO   ]  Found 9 QualityScoreDistributionMetrics reports
[2025-04-30 03:39:29,961] multiqc.modules.picard.picard                      [INFO   ]  Found 9 QualityYieldMetrics reports
[2025-04-30 03:39:30,681] multiqc.modules.mosdepth.mosdepth                  [INFO   ]  Found reports for 9 samples
[2025-04-30 03:39:31,207] multiqc.modules.bcftools.bcftools                  [INFO   ]  Found 9 stats reports
[2025-04-30 03:39:31,208] multiqc.core.exec_modules                          [INFO   ]  Previous "Bcftools" run will be overridden. It's not yet supported to add new samples to a module with multiqc.parse_logs()
[2025-04-30 03:39:31,247] multiqc.modules.custom_content.custom_content      [INFO   ]  alignstats_combo: Found 9 samples (PlotType.TABLE)
[2025-04-30 03:39:31,248] multiqc.modules.custom_content.custom_content      [INFO   ]  alignstats_gs: Found 9 General Statistics columns
[2025-04-30 03:39:31,268] multiqc.modules.custom_content.custom_content      [INFO   ]  rules_benchmark_data: Found 129 samples (PlotType.TABLE)
[2025-04-30 03:39:31,306] multiqc.validation                                 [WARNING]  custom_content/custom_content.py: warnings while parsing TableConfig.TableConfig {'id': 'giab_concordance', 'format': '{:.4f}', 'col1_header': 'mqc_id', 'anchor': 'giab_concordance-plot', 'title': 'Controls Concordance Report'} (total: 1):
• unrecognized field 'format'. Available fields: id, title, anchor, height, width, square, logswitch, logswitch_active, logswitch_label, cpswitch, cpswitch_c_active, cpswitch_counts_label, cpswitch_percent_label, xlog, ylog, data_labels, xlab, ylab, xsuffix, ysuffix, tt_suffix, xlab_format, ylab_format, tt_label, x_decimals, y_decimals, tt_decimals, xmin, xmax, ymin, ymax, x_clipmin, x_clipmax, y_clipmin, y_clipmax, save_data_file, showlegend, x_minrange, y_minrange, x_bands, y_bands, x_lines, y_lines, namespace, save_file, raw_data_fn, defaultsort, sort_rows, only_defined_headers, col1_header, no_violin, scale, min
[2025-04-30 03:39:31,319] multiqc.modules.custom_content.custom_content      [INFO   ]  giab_concordance: Found 81 samples (PlotType.TABLE)
[2025-04-30 03:39:31,321] multiqc.core.file_search                           [INFO   ]  Excluding modules 'slamdunk', 'adapterRemoval', 'rseqc', 'sambamba', 'preseq', 'htseq', 'bbmap', 'fastp', 'varscan2', 'flexbar', 'hicexplorer', 'snpeff', 'biscuit', 'deeptools', 'afterqc', 'bbmap', 'biobambam2', 'biobloomtools', 'biscuit', 'bowtie1', 'bowtie2', 'busco', 'ccs', 'clipandmerge', 'clusterflow', 'conpair', 'cutadapt', 'deeptools', 'disambiguate', 'dragen', 'fgbio', 'flash', 'gatk', 'gffcompare', 'happy', 'hisat2', 'homer', 'ivar', 'jcvi', 'kaiju', 'kallisto', 'kraken', 'leehom', 'lima', 'longranger', 'malt', 'minionqc', 'nanostat', 'ngsderive', 'optitype', 'pangolin', 'prokka', 'pychopper', 'pycoqc', 'qorts', 'rna_seqc', 'rockhopper', 'rseqc', 'salmon', 'samblaster', 'sickle', 'skewer', 'slamdunk', 'snippy', 'snpsplit', 'sortmerna', 'stacks', 'supernova', 'trimmomatic', 'varscan2', 'vep', 'bismark', 'tophat', 'sexdetermine', 'q3c3', 'bclconvert/runino', 'bustools', 'damageprofiler', 'dedup', 'eigenstratdatabasetools', 'featureCounts', 'hicpro', 'hicup', 'hops', 'macs2', 'methylQA', 'mirtop', 'mirtrace', 'mtnucratio', 'multivcfanalyzer', 'odgi', 'phantompeakqualtools'
[2025-04-30 03:39:31,324] multiqc.core.write_results                         [INFO   ]  Rendering plots. Some plots rendered flat because the number of series exceeds 2000, and this rendering might take a while. To disable, set `--interactive` (`plots_force_interactive: true` in config), or change the `plots_flat_numseries` to a higher value
