NOT CONTAINERIZED, no /fsx/resources/environments/containers/daylily:0.7.196.simg detected in 'config/daylily_cli_global.yaml' &| DAY_CONTAINERIZED=false.
	To run w/container, set DAY_CONTAINERIZED=true

Config file config/global.yaml is extended by additional config specified via the command line.
loading global: /fsx/analysis_results/ubuntu/q3/daylily/config/global_AWSPC.yaml
Config file config/global_AWSPC.yaml is extended by additional config specified via the command line.
loading profile rule_config: /fsx/analysis_results/ubuntu/q3/daylily/config/day_profiles/slurm/rule_config.yaml
Config file config/day_profiles/slurm/rule_config.yaml is extended by additional config specified via the command line.
[1m[38;5;79maligners: [ont][0m
[1m[38;5;79mdeduper: [dppl][0m
[1m[38;5;79mSNV Callers:[sentdhio][0m
[1m[48;5;166m[38;5;79m... WARNING: No sv_callers set in the config.[0m
[1m[48;5;202m[38;5;122m     _____ EXISTING ANALYSIS MANIFEST FILE DETECTED: config/analysis_manifest.csv --  this will be used[0m
[1m[48;5;195m[38;5;203mA    N   A   L  Y S I S    MANIFEST FILE DETECTED FOR USE ::: config/analysis_manifest.csv[0m
/fsx/analysis_results/ubuntu/q3/daylily/workflow/rules/rule_common.smk:185: FutureWarning: In a future version of pandas all arguments of read_table except for the argument 'filepath_or_buffer' will be keyword-only.
  samples = pd.read_table(analysis_manifest, ",").set_index(
Building DAG of jobs...
Using shell: /usr/bin/bash
Provided cores: 192
Rules claiming more threads will be scaled down.
Provided resources: mem_mb=200000, mem_mib=190735, disk_mb=1000, disk_mib=954, threads=192, time=5440, vcpu=192, attempt_n=1
Select jobs to execute...

[Thu May  1 00:29:15 2025]
rule sentdhio_snv:
    input: results/day/hg38/ONT2_IOhyb-HG007_DBC0_0/align/ont/ONT2_IOhyb-HG007_DBC0_0.cram, results/day/hg38/ONT2_IOhyb-HG007_DBC0_0/align/ont/ONT2_IOhyb-HG007_DBC0_0.cram.crai, results/day/hg38/ONT2_IOhyb-HG007_DBC0_0/ONT2_IOhyb-HG007_DBC0_0.dirsetup.ready, results/day/hg38/ONT2_IOhyb-HG007_DBC0_0/ONT2_IOhyb-HG007_DBC0_0.R1.fastq.gz, results/day/hg38/ONT2_IOhyb-HG007_DBC0_0/ONT2_IOhyb-HG007_DBC0_0.R2.fastq.gz, results/day/hg38/ONT2_IOhyb-HG007_DBC0_0/align/ont/snv/sentdhio/vcfs/1-24/ONT2_IOhyb-HG007_DBC0_0.ready
    output: results/day/hg38/ONT2_IOhyb-HG007_DBC0_0/align/ont/snv/sentdhio/vcfs/1-24/ONT2_IOhyb-HG007_DBC0_0.ont.sentdhio.1-24.snv.sort.vcf.gz, results/day/hg38/ONT2_IOhyb-HG007_DBC0_0/align/ont/snv/sentdhio/vcfs/1-24/ONT2_IOhyb-HG007_DBC0_0.ont.sentdhio.1-24.snv.sort.vcf.gz.tbi
    log: results/day/hg38/ONT2_IOhyb-HG007_DBC0_0/align/ont/snv/sentdhio/log/vcfs/ONT2_IOhyb-HG007_DBC0_0.ont.sentdhio.1-24.snv.log
    jobid: 0
    benchmark: results/day/hg38/ONT2_IOhyb-HG007_DBC0_0/benchmarks/ONT2_IOhyb-HG007_DBC0_0.ont.sentdhio.1-24.bench.tsv
    reason: Missing output files: results/day/hg38/ONT2_IOhyb-HG007_DBC0_0/benchmarks/ONT2_IOhyb-HG007_DBC0_0.ont.sentdhio.1-24.bench.tsv, results/day/hg38/ONT2_IOhyb-HG007_DBC0_0/align/ont/snv/sentdhio/vcfs/1-24/ONT2_IOhyb-HG007_DBC0_0.ont.sentdhio.1-24.snv.sort.vcf.gz, results/day/hg38/ONT2_IOhyb-HG007_DBC0_0/align/ont/snv/sentdhio/vcfs/1-24/ONT2_IOhyb-HG007_DBC0_0.ont.sentdhio.1-24.snv.sort.vcf.gz.tbi
    wildcards: sample=ONT2_IOhyb-HG007_DBC0_0, alnr=ont, dchrm=1-24
    priority: 45
    threads: 192
    resources: mem_mb=200000, mem_mib=190735, disk_mb=1000, disk_mib=954, tmpdir=/fsx/scratch/day_run_20250501002219, threads=192, time=5440, partition=i192mem, vcpu=192, distribution=block, exclusive=, constraint=, exclude=, include=, attempt_n=1


        export PATH=$PATH:/fsx/data/cached_envs/sentieon-genomics-202503/bin/

        timestamp=$(date +%Y%m%d%H%M%S);
        export TMPDIR=/fsx/scratch/sentdontr_tmp_$timestamp;
        mkdir -p $TMPDIR;
        export APPTAINER_HOME=$TMPDIR;
        trap "rm -rf "$TMPDIR" || echo '$TMPDIR rm fails' >> results/day/hg38/ONT2_IOhyb-HG007_DBC0_0/align/ont/snv/sentdhio/log/vcfs/ONT2_IOhyb-HG007_DBC0_0.ont.sentdhio.1-24.snv.log 2>&1" EXIT;

        if [ -z "$SENTIEON_LICENSE" ]; then
            echo "SENTIEON_LICENSE not set. Please set the SENTIEON_LICENSE environment variable to the license file path & make this update to your dyinit file as well." >> results/day/hg38/ONT2_IOhyb-HG007_DBC0_0/align/ont/snv/sentdhio/log/vcfs/ONT2_IOhyb-HG007_DBC0_0.ont.sentdhio.1-24.snv.log 2>&1;
            exit 3;
        fi

        if [ ! -f "$SENTIEON_LICENSE" ]; then
            echo "The file referenced by SENTIEON_LICENSE ('$SENTIEON_LICENSE') does not exist. Please provide a valid file path." >> results/day/hg38/ONT2_IOhyb-HG007_DBC0_0/align/ont/snv/sentdhio/log/vcfs/ONT2_IOhyb-HG007_DBC0_0.ont.sentdhio.1-24.snv.log 2>&1;
            exit 4;
        fi

        TOKEN=$(curl -X PUT 'http://169.254.169.254/latest/api/token' -H 'X-aws-ec2-metadata-token-ttl-seconds: 21600');
        itype=$(curl -H "X-aws-ec2-metadata-token: $TOKEN" http://169.254.169.254/latest/meta-data/instance-type);
        echo "INSTANCE TYPE: $itype" > results/day/hg38/ONT2_IOhyb-HG007_DBC0_0/align/ont/snv/sentdhio/log/vcfs/ONT2_IOhyb-HG007_DBC0_0.ont.sentdhio.1-24.snv.log;
        echo "INSTANCE TYPE: $itype";
        start_time=$(date +%s);

        ulimit -n 65536 || echo "ulimit mod failed" > results/day/hg38/ONT2_IOhyb-HG007_DBC0_0/align/ont/snv/sentdhio/log/vcfs/ONT2_IOhyb-HG007_DBC0_0.ont.sentdhio.1-24.snv.log 2>&1;
        
        # Find the jemalloc library in the active conda environment
        jemalloc_path=$(find "$CONDA_PREFIX" -name "libjemalloc*" | grep -E '\.so|\.dylib' | head -n 1); 

        # Check if jemalloc was found and set LD_PRELOAD accordingly
        if [[ -n "$jemalloc_path" ]]; then
            LD_PRELOAD="$jemalloc_path";
            echo "LD_PRELOAD set to: $LD_PRELOAD" >> results/day/hg38/ONT2_IOhyb-HG007_DBC0_0/align/ont/snv/sentdhio/log/vcfs/ONT2_IOhyb-HG007_DBC0_0.ont.sentdhio.1-24.snv.log;
        else
            echo "libjemalloc not found in the active conda environment $CONDA_PREFIX.";
            exit 3;
        fi
        export cram_sid=$(samtools view -H results/day/hg38/ONT2_IOhyb-HG007_DBC0_0/align/ont/ONT2_IOhyb-HG007_DBC0_0.cram | grep  '^@RG' | tr '	' '
' | grep '^SM:' | cut -f2 -d':' | sort | uniq)

        LD_PRELOAD=$LD_PRELOAD sentieon-cli -v dnascope-hybrid             -t 184             -r  /fsx/data/genomic_data/organism_references/H_sapiens/hg38/broad_hg38/Homo_sapiens_assembly38.fasta             --sr_r1_fastq results/day/hg38/ONT2_IOhyb-HG007_DBC0_0/ONT2_IOhyb-HG007_DBC0_0.R1.fastq.gz             --sr_r2_fastq results/day/hg38/ONT2_IOhyb-HG007_DBC0_0/ONT2_IOhyb-HG007_DBC0_0.R2.fastq.gz             --sr_readgroups "@RG\tID:${cram_sid}-1\tSM:${cram_sid}\tLB:${cram_sid}-LB-1\tPL:ILLUMINA"             --lr_aln results/day/hg38/ONT2_IOhyb-HG007_DBC0_0/align/ont/ONT2_IOhyb-HG007_DBC0_0.cram             --lr_align_input             --lr_input_ref /fsx/data/genomic_data/organism_references/H_sapiens/hg38/broad_hg38/Homo_sapiens_assembly38.fasta             -m /fsx/data/cached_envs/sentieon-genomics-202503/bundles/HybridIlluminaONT1.0.bundle             --longread_tech ONT               -b /fsx/data/genomic_data/organism_references/H_sapiens/hg38/broad_hg38/hg38_diploid_female.bed       results/day/hg38/ONT2_IOhyb-HG007_DBC0_0/align/ont/snv/sentdhio/vcfs/1-24/ONT2_IOhyb-HG007_DBC0_0.ont.sentdhio.1-24.snv.sort.vcf.gz >> results/day/hg38/ONT2_IOhyb-HG007_DBC0_0/align/ont/snv/sentdhio/log/vcfs/ONT2_IOhyb-HG007_DBC0_0.ont.sentdhio.1-24.snv.log 2>&1;


        end_time=$(date +%s);
    	elapsed_time=$((($end_time - $start_time) / 60));
	    echo "Elapsed-Time-min:	$itype	$elapsed_time
";
        echo "Elapsed-Time-min:	$itype	$elapsed_time" >> results/day/hg38/ONT2_IOhyb-HG007_DBC0_0/align/ont/snv/sentdhio/log/vcfs/ONT2_IOhyb-HG007_DBC0_0.ont.sentdhio.1-24.snv.log 2>&1;

        
Activating conda environment: ../../../../resources/environments/conda/ubuntu/ip-10-0-0-110/3a12468ada7a0f709fecdcd3cbaf33f3_
  % Total    % Received % Xferd  Average Speed   Time    Time     Time  Current
                                 Dload  Upload   Total   Spent    Left  Speed
  0     0    0     0    0     0      0      0 --:--:-- --:--:-- --:--:--     0100    56  100    56    0     0  24400      0 --:--:-- --:--:-- --:--:-- 28000
  % Total    % Received % Xferd  Average Speed   Time    Time     Time  Current
                                 Dload  Upload   Total   Spent    Left  Speed
  0     0    0     0    0     0      0      0 --:--:-- --:--:-- --:--:--     0100    14  100    14    0     0   9859      0 --:--:-- --:--:-- --:--:-- 14000
[W::sam_hdr_link_pg] PG line with ID:samtools has a PP link to missing program 'basecaller'
[Thu May  1 06:44:57 2025]
Finished job 0.
1 of 1 steps (100%) done
