  844  rclone copy http:giab/ftp/release/AshkenazimTrio/HG002_NA24385_son/NISTv4.2.1/GRCh38/ local:./hg38/controls/giab/snv/v4.2.1/HG002
  845  rclone lsd http:giab/ftp/release/AshkenazimTrio/
  846  rclone lsd http:giab/ftp/release/AshkenazimTrio/HG003_NA24149_father
  847  rclone lsd http:giab/ftp/release/AshkenazimTrio/HG003_NA24149_father/NISTv4.2.1
  848  rclone lsd http:giab/ftp/release/AshkenazimTrio/HG003_NA24149_father/NISTv4.2.1/GRCh38
  849  rclone -P copy http:giab/ftp/release/AshkenazimTrio/HG003_NA24149_father/NISTv4.2.1/GRCh38/ local:./hg38/controls/giab/snv/v4.2.1/HG003
  850  rclone lsd http:giab/ftp/release/AshkenazimTrio/HG004_NA24143_mother
  851  rclone lsd http:giab/ftp/release/AshkenazimTrio/HG004_NA24143_mother/NISTv4.2.1
  852  rclone lsd http:giab/ftp/release/AshkenazimTrio/HG004_NA24143_mother/NISTv4.2.1/GRCh38
  853  rclone -P copy http:giab/ftp/release/AshkenazimTrio/HG004_NA24143_mother/NISTv4.2.1/GRCh38/ local:./hg38/controls/giab/snv/v4.2.1/HG004
  854  rclone lsd http:giab/ftp/release/
  855  rclone lsd http:giab/ftp/release/NA12878_HG001
  856  rclone lsd http:giab/ftp/release/NA12878_HG001/NISTv4.2.1
  857  rclone lsd http:giab/ftp/release/NA12878_HG001/NISTv4.2.1/GRCh38
  858  rclone -P copy http:giab/ftp/release/AshkenazimTrio/NA12878_HG001/NISTv4.2.1/GRCh38/ local:./hg38/controls/giab/snv/v4.2.1/HG001
  859  rclone -P copy http:giab/ftp/release/NA12878_HG001/NISTv4.2.1/GRCh38/ local:./hg38/controls/giab/snv/v4.2.1/HG001
  860  rclone lsd http:giab/ftp/release/
  861  rclone lsd http:giab/ftp/release/ChineseTrio
  862  rclone lsd http:giab/ftp/release/ChineseTrio/HG005_NA24631_son
  863  rclone lsd http:giab/ftp/release/ChineseTrio/HG005_NA24631_son/NISTv4.2.1
  864  rclone lsd http:giab/ftp/release/ChineseTrio/HG005_NA24631_son/NISTv4.2.1/GRCh38
  865  rclone -P copy http:giab/ftp/release/ChineseTrio/HG005_NA24631_son/NISTv4.2.1/GRCh38/ local:./hg38/controls/giab/snv/v4.2.1/HG005
  866  rclone lsd http:giab/ftp/release/ChineseTrio/HG006_NA24694_father/NISTv4.2.1/GRCh38
  867  rclone -P copy http:giab/ftp/release/ChineseTrio/HG006_NA24695_mother/NISTv4.2.1/GRCh38/ local:./hg38/controls/giab/snv/v4.2.1/HG006
  868  rclone -P copy http:giab/ftp/release/ChineseTrio/HG006_NA24694_mother/NISTv4.2.1/GRCh38/ local:./hg38/controls/giab/snv/v4.2.1/HG006
  869  rclone -P copy http:giab/ftp/release/ChineseTrio/HG006_NA24694_father/NISTv4.2.1/GRCh38/ local:./hg38/controls/giab/snv/v4.2.1/HG006
  870  rclone -P copy http:giab/ftp/release/ChineseTrio/HG006_NA24695_mother/NISTv4.2.1/GRCh38/ local:./hg38/controls/giab/snv/v4.2.1/HG007
  871  rclone -P copy http:giab/ftp/release/ChineseTrio/HG007_NA24695_mother/NISTv4.2.1/GRCh38/ local:./hg38/controls/giab/snv/v4.2.1/HG007